2020-08-29 20:01:18.204  INFO 10232 --- [main] tuanlm.fpt.web.todo.MyTodoApplication    : Starting MyTodoApplication on SE130138 with PID 10232 (C:\Users\Tuan\eclipse-workspace\myTodo\target\classes started by Tuan in C:\Users\Tuan\eclipse-workspace\myTodo)
2020-08-29 20:01:18.209  INFO 10232 --- [main] tuanlm.fpt.web.todo.MyTodoApplication    : No active profile set, falling back to default profiles: default
2020-08-29 20:01:19.452  INFO 10232 --- [main] .s.d.r.c.RepositoryConfigurationDelegate : Bootstrapping Spring Data JPA repositories in DEFERRED mode.
2020-08-29 20:01:19.485  INFO 10232 --- [main] .s.d.r.c.RepositoryConfigurationDelegate : Finished Spring Data repository scanning in 21ms. Found 0 JPA repository interfaces.
2020-08-29 20:01:20.366  INFO 10232 --- [main] o.s.b.w.embedded.tomcat.TomcatWebServer  : Tomcat initialized with port(s): 8084 (http)
2020-08-29 20:01:20.382  INFO 10232 --- [main] o.apache.catalina.core.StandardService   : Starting service [Tomcat]
2020-08-29 20:01:20.383  INFO 10232 --- [main] org.apache.catalina.core.StandardEngine  : Starting Servlet engine: [Apache Tomcat/9.0.37]
2020-08-29 20:01:20.679  INFO 10232 --- [main] o.a.c.c.C.[Tomcat].[localhost].[/]       : Initializing Spring embedded WebApplicationContext
2020-08-29 20:01:20.681  INFO 10232 --- [main] w.s.c.ServletWebServerApplicationContext : Root WebApplicationContext: initialization completed in 2390 ms
2020-08-29 20:01:21.230  INFO 10232 --- [main] o.s.s.concurrent.ThreadPoolTaskExecutor  : Initializing ExecutorService 'applicationTaskExecutor'
2020-08-29 20:01:21.250  INFO 10232 --- [main] com.zaxxer.hikari.HikariDataSource       : HikariPool-1 - Starting...
2020-08-29 20:01:22.051  INFO 10232 --- [main] com.zaxxer.hikari.HikariDataSource       : HikariPool-1 - Start completed.
2020-08-29 20:01:22.149  INFO 10232 --- [task-1] o.hibernate.jpa.internal.util.LogHelper  : HHH000204: Processing PersistenceUnitInfo [name: default]
2020-08-29 20:01:22.190  WARN 10232 --- [main] JpaBaseConfiguration$JpaWebConfiguration : spring.jpa.open-in-view is enabled by default. Therefore, database queries may be performed during view rendering. Explicitly configure spring.jpa.open-in-view to disable this warning
2020-08-29 20:01:22.236  INFO 10232 --- [task-1] org.hibernate.Version                    : HHH000412: Hibernate ORM core version 5.4.20.Final
2020-08-29 20:01:22.500  INFO 10232 --- [task-1] o.hibernate.annotations.common.Version   : HCANN000001: Hibernate Commons Annotations {5.1.0.Final}
2020-08-29 20:01:22.734  INFO 10232 --- [task-1] org.hibernate.dialect.Dialect            : HHH000400: Using dialect: org.hibernate.dialect.MySQL8Dialect
2020-08-29 20:01:22.771  WARN 10232 --- [main] ion$DefaultTemplateResolverConfiguration : Cannot find template location: classpath:/templates/ (please add some templates or check your Thymeleaf configuration)
2020-08-29 20:01:23.063  INFO 10232 --- [main] .s.s.UserDetailsServiceAutoConfiguration : 

Using generated security password: d75dedae-0398-4069-8061-8fc9801e54fa

2020-08-29 20:01:23.065  INFO 10232 --- [task-1] o.h.e.t.j.p.i.JtaPlatformInitiator       : HHH000490: Using JtaPlatform implementation: [org.hibernate.engine.transaction.jta.platform.internal.NoJtaPlatform]
2020-08-29 20:01:23.085  INFO 10232 --- [task-1] j.LocalContainerEntityManagerFactoryBean : Initialized JPA EntityManagerFactory for persistence unit 'default'
2020-08-29 20:01:23.269  INFO 10232 --- [main] o.s.s.web.DefaultSecurityFilterChain     : Creating filter chain: any request, [org.springframework.security.web.context.request.async.WebAsyncManagerIntegrationFilter@377dfb8d, org.springframework.security.web.context.SecurityContextPersistenceFilter@68e2d03e, org.springframework.security.web.header.HeaderWriterFilter@2c48cede, org.springframework.security.web.csrf.CsrfFilter@4652c74d, org.springframework.security.web.authentication.logout.LogoutFilter@2ee4706d, org.springframework.security.web.authentication.UsernamePasswordAuthenticationFilter@16681017, org.springframework.security.web.authentication.ui.DefaultLoginPageGeneratingFilter@497ed877, org.springframework.security.web.authentication.ui.DefaultLogoutPageGeneratingFilter@42a0786f, org.springframework.security.web.authentication.www.BasicAuthenticationFilter@284990de, org.springframework.security.web.savedrequest.RequestCacheAwareFilter@32ab408e, org.springframework.security.web.servletapi.SecurityContextHolderAwareRequestFilter@451e2fa9, org.springframework.security.web.authentication.AnonymousAuthenticationFilter@477523ba, org.springframework.security.web.session.SessionManagementFilter@47fcefb3, org.springframework.security.web.access.ExceptionTranslationFilter@6842c101, org.springframework.security.web.access.intercept.FilterSecurityInterceptor@6885ed19]
2020-08-29 20:01:23.373  INFO 10232 --- [main] o.s.b.w.embedded.tomcat.TomcatWebServer  : Tomcat started on port(s): 8084 (http) with context path ''
2020-08-29 20:01:23.376  INFO 10232 --- [main] DeferredRepositoryInitializationListener : Triggering deferred initialization of Spring Data repositories…
2020-08-29 20:01:23.377  INFO 10232 --- [main] DeferredRepositoryInitializationListener : Spring Data repositories initialized!
2020-08-29 20:01:23.400  INFO 10232 --- [main] tuanlm.fpt.web.todo.MyTodoApplication    : Started MyTodoApplication in 5.857 seconds (JVM running for 7.657)
2020-08-29 20:01:32.486  INFO 10232 --- [http-nio-8084-exec-1] o.a.c.c.C.[Tomcat].[localhost].[/]       : Initializing Spring DispatcherServlet 'dispatcherServlet'
2020-08-29 20:01:32.487  INFO 10232 --- [http-nio-8084-exec-1] o.s.web.servlet.DispatcherServlet        : Initializing Servlet 'dispatcherServlet'
2020-08-29 20:01:32.501  INFO 10232 --- [http-nio-8084-exec-1] o.s.web.servlet.DispatcherServlet        : Completed initialization in 14 ms
2020-08-29 20:02:02.595  INFO 10232 --- [RMI TCP Connection(4)-127.0.0.1] inMXBeanRegistrar$SpringApplicationAdmin : Application shutdown requested.
2020-08-29 20:02:02.659  INFO 10232 --- [RMI TCP Connection(4)-127.0.0.1] j.LocalContainerEntityManagerFactoryBean : Closing JPA EntityManagerFactory for persistence unit 'default'
2020-08-29 20:02:02.664  INFO 10232 --- [RMI TCP Connection(4)-127.0.0.1] o.s.s.concurrent.ThreadPoolTaskExecutor  : Shutting down ExecutorService 'applicationTaskExecutor'
2020-08-29 20:02:02.665  INFO 10232 --- [RMI TCP Connection(4)-127.0.0.1] com.zaxxer.hikari.HikariDataSource       : HikariPool-1 - Shutdown initiated...
2020-08-29 20:02:02.699  INFO 10232 --- [RMI TCP Connection(4)-127.0.0.1] com.zaxxer.hikari.HikariDataSource       : HikariPool-1 - Shutdown completed.
